[debug] [2020-09-06T03:31:22.508Z] ----------------------------------------------------------------------
[debug] [2020-09-06T03:31:22.510Z] Command:       /usr/local/bin/firebase /Users/Mahi/.cache/firebase/tools/lib/node_modules/firebase-tools/lib/bin/firebase serve
[debug] [2020-09-06T03:31:22.510Z] CLI Version:   7.15.1
[debug] [2020-09-06T03:31:22.510Z] Platform:      darwin
[debug] [2020-09-06T03:31:22.510Z] Node Version:  v12.13.1
[debug] [2020-09-06T03:31:22.511Z] Time:          Sat Sep 05 2020 23:31:22 GMT-0400 (Eastern Daylight Time)
[debug] [2020-09-06T03:31:22.511Z] ----------------------------------------------------------------------
[debug] [2020-09-06T03:31:22.511Z] 
[debug] [2020-09-06T03:31:22.519Z] > command requires scopes: ["email","openid","https://www.googleapis.com/auth/cloudplatformprojects.readonly","https://www.googleapis.com/auth/firebase","https://www.googleapis.com/auth/cloud-platform"]
[debug] [2020-09-06T03:31:22.520Z] > authorizing via signed-in user
[debug] [2020-09-06T03:31:22.520Z] [iam] checking project findthemahi for permissions ["firebase.projects.get"]
[debug] [2020-09-06T03:31:22.521Z] >>> HTTP REQUEST POST https://cloudresourcemanager.googleapis.com/v1/projects/findthemahi:testIamPermissions  

[debug] [2020-09-06T03:31:22.677Z] <<< HTTP RESPONSE 200
[debug] [2020-09-06T03:31:22.679Z] >>> HTTP REQUEST GET https://firebase.googleapis.com/v1beta1/projects/findthemahi  
 
[debug] [2020-09-06T03:31:22.904Z] <<< HTTP RESPONSE 200
[info] 
[info] === Serving from '/Users/Mahi/Desktop/Port-React'...
[info] 
[debug] [2020-09-06T03:31:22.909Z] >>> HTTP REQUEST GET https://firebase.googleapis.com/v1beta1/projects/findthemahi/webApps/-/config  
 
[warn] ⚠  Your requested "node" version "8" doesn't match your global version "12"
[info] ✔  functions: functions emulator started at http://localhost:5001
[debug] [2020-09-06T03:31:23.316Z] <<< HTTP RESPONSE 200
[info] i  functions: Watching "/Users/Mahi/Desktop/Port-React/functions" for Cloud Functions...
[debug] [2020-09-06T03:31:23.346Z] [worker-pool] addWorker(~diagnostic~)
[debug] [2020-09-06T03:31:23.346Z] [worker-pool] Adding worker with key ~diagnostic~, total=1
[debug] [2020-09-06T03:31:23.346Z] [worker-pool] submitWork(triggerId=)
[debug] [2020-09-06T03:31:23.346Z] [worker-~diagnostic~-2b2c8854-6b2b-499c-b3af-72a7e3129494]: Assigning socketPath: /var/folders/qt/y5xzyv3s5bz0q5c9n1lfs9500000gp/T/fire_emu_13181.sock
[debug] [2020-09-06T03:31:23.346Z] [worker-~diagnostic~-2b2c8854-6b2b-499c-b3af-72a7e3129494]: BUSY
[info] i  hosting: Serving hosting files from: public
[info] ✔  hosting: Local server: http://localhost:5000
[debug] [2020-09-06T03:31:23.591Z] [runtime-status] [13181] Functions runtime initialized. {"cwd":"/Users/Mahi/Desktop/Port-React/functions","node_version":"12.13.1"}
[debug] [2020-09-06T03:31:23.592Z] [runtime-status] [13181] Disabled runtime features: {"functions_config_helper":true,"network_filtering":true,"timeout":true,"memory_limiting":true,"admin_stubs":true,"pubsub_emulator":true}
[debug] [2020-09-06T03:31:23.593Z] [runtime-status] [13181] Resolved module firebase-admin {"declared":true,"installed":true,"version":"6.0.0","resolution":"/Users/Mahi/Desktop/Port-React/functions/node_modules/firebase-admin/lib/index.js"}
[warn] ⚠  The Cloud Functions emulator requires the module "firebase-admin" to be version >8.0.0 so your version is too old. You can probably fix this by running "npm install firebase-admin@latest" in your functions directory.
[info] i  functions: Your functions could not be parsed due to an issue with your node_modules (see above)
[debug] [2020-09-06T03:31:23.617Z] [worker-~diagnostic~-2b2c8854-6b2b-499c-b3af-72a7e3129494]: exited
[debug] [2020-09-06T03:31:23.617Z] [worker-~diagnostic~-2b2c8854-6b2b-499c-b3af-72a7e3129494]: FINISHED
